==============================================================================
Suites                                                                        
==============================================================================
Suites.ForLoop                                                                
==============================================================================
For_Loop                                                              1
2
3
4
5
6
7
8
9
| PASS |
------------------------------------------------------------------------------
For_Loop for List                                                     1 2 3 4 5 6 7 8 9
| PASS |
------------------------------------------------------------------------------
For_loop with Strings                                                 mahi
mahesh
mahendra
| PASS |
------------------------------------------------------------------------------
For_Loop with Condition                                               1
2
3
4
5
6
7
| PASS |
------------------------------------------------------------------------------
For_Loop With Dictonaries                                             ['age', 'mob_no', 'name']
['23', '9100', 'mahi']
age
23
age=23
mob_no
9100
mob_no=9100
name
mahi
name=mahi
| PASS |
------------------------------------------------------------------------------
Suites.ForLoop                                                        | PASS |
5 tests, 5 passed, 0 failed
==============================================================================
Suites                                                                | PASS |
5 tests, 5 passed, 0 failed
==============================================================================
Output:  C:\Users\DELL\PycharmProjects\Robot Training\reports\pabot_results\4\output.xml
