==============================================================================
Tests                                                                         
==============================================================================
Tests.RestApi                                                                 
==============================================================================
Tests.RestApi.FirstApi                                                        
==============================================================================
First test On Rest API                                                Created Session:<requests.sessions.Session object at 0x000001B745092120>
True
| PASS |
------------------------------------------------------------------------------
Tests.RestApi.FirstApi                                                | PASS |
1 test, 1 passed, 0 failed
==============================================================================
Tests.RestApi                                                         | PASS |
1 test, 1 passed, 0 failed
==============================================================================
Tests                                                                 | PASS |
1 test, 1 passed, 0 failed
==============================================================================
Output:  D:\Automation practice\Robot Training\results\pabot_results\13\output.xml
