==============================================================================
Suites                                                                        
==============================================================================
Suites.Tags                                                                   
==============================================================================
checking Tags keyword                                                 Inside Smoke ['smoke']
| PASS |
------------------------------------------------------------------------------
checking default Tags                                                 Inside Default ['sanity']
| PASS |
------------------------------------------------------------------------------
checking set Tags                                                     Inside Set tag ['regression', 'sanity']
| PASS |
------------------------------------------------------------------------------
Suites.Tags                                                           | PASS |
3 tests, 3 passed, 0 failed
==============================================================================
Suites                                                                | PASS |
3 tests, 3 passed, 0 failed
==============================================================================
Output:  C:\Users\DELL\PycharmProjects\Robot Training\reports\pabot_results\14\output.xml
