==============================================================================
Tests                                                                         
==============================================================================
Tests.SetupOrTeardown                                                         
==============================================================================
IM INSIDE SUITE SETUP
Checking Setup ad Teardown                                            IM INSIDE TEST SETUP
Inside Test Case 1
IM INSIDE TEST TEARDOWN
| PASS |
------------------------------------------------------------------------------
Checking Setup ad Teardown 1                                          IM INSIDE TEST SETUP
Inside Test Case 2
IM INSIDE TEST TEARDOWN
| PASS |
------------------------------------------------------------------------------
IM INSIDE SUITE TEARDOWN
Tests.SetupOrTeardown                                                 | PASS |
2 tests, 2 passed, 0 failed
==============================================================================
Tests                                                                 | PASS |
2 tests, 2 passed, 0 failed
==============================================================================
Output:  D:\Automation practice\Robot Training\results\pabot_results\pabot_results\15\output.xml
