==============================================================================
Tests                                                                         
==============================================================================
Tests.Tags                                                                    
==============================================================================
checking Tags keyword                                                 Inside Smoke ['smoke']
| PASS |
------------------------------------------------------------------------------
checking default Tags                                                 Inside Default ['sanity']
| PASS |
------------------------------------------------------------------------------
checking set Tags                                                     Inside Set tag ['regression', 'sanity']
| PASS |
------------------------------------------------------------------------------
Tests.Tags                                                            | PASS |
3 tests, 3 passed, 0 failed
==============================================================================
Tests                                                                 | PASS |
3 tests, 3 passed, 0 failed
==============================================================================
Output:  D:\Automation practice\Robot Training\results\pabot_results\17\output.xml
