==============================================================================
Tests                                                                         
==============================================================================
Tests.DataFromCsv                                                             
==============================================================================
Login Tests Using CSV Admin and admin123                                
  Traceback (most recent call last):
    ~~~~~~~~~~~~~~~~~~~~~~~~~~~~~~~~~~~~~~~~~~~~~~~~~~~~~~~~~~~~~~~~~~~~~~~~~~
    File  D:\Automation practice\Robot Training\Tests\DataFromCsv.robot:19
    T:  Login Tests Using CSV Admin and admin123    
    ~~~~~~~~~~~~~~~~~~~~~~~~~~~~~~~~~~~~~~~~~~~~~~~~~~~~~~~~~~~~~~~~~~~~~~~~~~
    File  D:\Automation practice\Robot Training\Tests\DataFromCsv.robot:7
      Open Login Page    
    ~~~~~~~~~~~~~~~~~~~~~~~~~~~~~~~~~~~~~~~~~~~~~~~~~~~~~~~~~~~~~~~~~~~~~~~~~~
    File  D:\Automation practice\Robot Training\Resource\Keywords\LoginPageKw.robot:11
      Open Browser    ${URL}    ${BROWSER}    options=${OPTIONS}
      |  ${URL} = https://opensource-demo.orangehrmlive.com/web/index.php/auth/login (str)
      |  ${BROWSER} = chrome (str)
      |  options=${OPTIONS} = options=add_argument(--headless); add_argument(--no-sandbox); add_argument(--disable-dev-shm-usage); add_argument(--disable-gpu); add_argument(--remote-debugging-port=9222); add_argument(--user-data-dir=/tmp/chrome-profile) (str)
______________________________________________________________________________
| FAIL |
Setup failed:
ValueError: Unable to parse option: "add_argument(--headless)"
------------------------------------------------------------------------------
Login Tests Using CSV admin123 and admin123                             
  Traceback (most recent call last):
    ~~~~~~~~~~~~~~~~~~~~~~~~~~~~~~~~~~~~~~~~~~~~~~~~~~~~~~~~~~~~~~~~~~~~~~~~~~
    File  D:\Automation practice\Robot Training\Tests\DataFromCsv.robot:19
    T:  Login Tests Using CSV admin123 and admin123    
    ~~~~~~~~~~~~~~~~~~~~~~~~~~~~~~~~~~~~~~~~~~~~~~~~~~~~~~~~~~~~~~~~~~~~~~~~~~
    File  D:\Automation practice\Robot Training\Tests\DataFromCsv.robot:7
      Open Login Page    
    ~~~~~~~~~~~~~~~~~~~~~~~~~~~~~~~~~~~~~~~~~~~~~~~~~~~~~~~~~~~~~~~~~~~~~~~~~~
    File  D:\Automation practice\Robot Training\Resource\Keywords\LoginPageKw.robot:11
      Open Browser    ${URL}    ${BROWSER}    options=${OPTIONS}
      |  ${URL} = https://opensource-demo.orangehrmlive.com/web/index.php/auth/login (str)
      |  ${BROWSER} = chrome (str)
      |  options=${OPTIONS} = options=add_argument(--headless); add_argument(--no-sandbox); add_argument(--disable-dev-shm-usage); add_argument(--disable-gpu); add_argument(--remote-debugging-port=9222); add_argument(--user-data-dir=/tmp/chrome-profile) (str)
______________________________________________________________________________
| FAIL |
Setup failed:
ValueError: Unable to parse option: "add_argument(--headless)"
------------------------------------------------------------------------------
Login Tests Using CSV admin12 and admin123                              
  Traceback (most recent call last):
    ~~~~~~~~~~~~~~~~~~~~~~~~~~~~~~~~~~~~~~~~~~~~~~~~~~~~~~~~~~~~~~~~~~~~~~~~~~
    File  D:\Automation practice\Robot Training\Tests\DataFromCsv.robot:19
    T:  Login Tests Using CSV admin12 and admin123    
    ~~~~~~~~~~~~~~~~~~~~~~~~~~~~~~~~~~~~~~~~~~~~~~~~~~~~~~~~~~~~~~~~~~~~~~~~~~
    File  D:\Automation practice\Robot Training\Tests\DataFromCsv.robot:7
      Open Login Page    
    ~~~~~~~~~~~~~~~~~~~~~~~~~~~~~~~~~~~~~~~~~~~~~~~~~~~~~~~~~~~~~~~~~~~~~~~~~~
    File  D:\Automation practice\Robot Training\Resource\Keywords\LoginPageKw.robot:11
      Open Browser    ${URL}    ${BROWSER}    options=${OPTIONS}
      |  ${URL} = https://opensource-demo.orangehrmlive.com/web/index.php/auth/login (str)
      |  ${BROWSER} = chrome (str)
      |  options=${OPTIONS} = options=add_argument(--headless); add_argument(--no-sandbox); add_argument(--disable-dev-shm-usage); add_argument(--disable-gpu); add_argument(--remote-debugging-port=9222); add_argument(--user-data-dir=/tmp/chrome-profile) (str)
______________________________________________________________________________
| FAIL |
Setup failed:
ValueError: Unable to parse option: "add_argument(--headless)"
------------------------------------------------------------------------------
Tests.DataFromCsv                                                     | FAIL |
3 tests, 0 passed, 3 failed
==============================================================================
Tests                                                                 | FAIL |
3 tests, 0 passed, 3 failed
==============================================================================
Output:  D:\Automation practice\Robot Training\results\pabot_results\3\output.xml
