==============================================================================
Tests                                                                         
==============================================================================
Tests.DataFromJson                                                            
==============================================================================
Login Test with JSON Data                                             {'testdata': [{'userName': 'Admin', 'Password': 'admin123', 'Message': 'Dashboard'}, {'userName': 'User1', 'Password': 'Pass123', 'Message': 'Invalid credentials'}, {'userName': 'Adminn', 'Password': 'Pass123', 'Message': 'Invalid credentials'}]}
{'userName': 'Adminn', 'Password': 'Pass123', 'Message': 'Invalid credentials'}
  
  Traceback (most recent call last):
    ~~~~~~~~~~~~~~~~~~~~~~~~~~~~~~~~~~~~~~~~~~~~~~~~~~~~~~~~~~~~~~~~~~~~~~~~~~
    File  D:\Automation practice\Robot Training\Tests\DataFromJson.robot:10
    T:  Login Test with JSON Data    
    ~~~~~~~~~~~~~~~~~~~~~~~~~~~~~~~~~~~~~~~~~~~~~~~~~~~~~~~~~~~~~~~~~~~~~~~~~~
    File  D:\Automation practice\Robot Training\Tests\DataFromJson.robot:14
      ${case}    IN    @{data['testdata']}    
    ~~~~~~~~~~~~~~~~~~~~~~~~~~~~~~~~~~~~~~~~~~~~~~~~~~~~~~~~~~~~~~~~~~~~~~~~~~
    File  D:\Automation practice\Robot Training\Tests\DataFromJson.robot:14
      ${case} = {'userName': 'Admin', 'Password': 'admin123', 'Message': 'Dashboard'}    
    ~~~~~~~~~~~~~~~~~~~~~~~~~~~~~~~~~~~~~~~~~~~~~~~~~~~~~~~~~~~~~~~~~~~~~~~~~~
    File  D:\Automation practice\Robot Training\Tests\DataFromJson.robot:15
      Open Login Page    
    ~~~~~~~~~~~~~~~~~~~~~~~~~~~~~~~~~~~~~~~~~~~~~~~~~~~~~~~~~~~~~~~~~~~~~~~~~~
    File  D:\Automation practice\Robot Training\Resource\Keywords\LoginPageKw.robot:11
      Open Browser    ${URL}    ${BROWSER}    options=${OPTIONS}
      |  ${URL} = https://opensource-demo.orangehrmlive.com/web/index.php/auth/login (str)
      |  ${BROWSER} = chrome (str)
      |  options=${OPTIONS} = options=add_argument(--headless); add_argument(--no-sandbox); add_argument(--disable-dev-shm-usage); add_argument(--disable-gpu); add_argument(--remote-debugging-port=9222); add_argument(--user-data-dir=/tmp/chrome-profile) (str)
______________________________________________________________________________
| FAIL |
ValueError: Unable to parse option: "add_argument(--headless)"
------------------------------------------------------------------------------
Tests.DataFromJson                                                    | FAIL |
1 test, 0 passed, 1 failed
==============================================================================
Tests                                                                 | FAIL |
1 test, 0 passed, 1 failed
==============================================================================
Output:  D:\Automation practice\Robot Training\results\pabot_results\5\output.xml
