==============================================================================
Tests                                                                         
==============================================================================
Tests.Iframes                                                                 
==============================================================================
Handling iframes                                                        
  Traceback (most recent call last):
    ~~~~~~~~~~~~~~~~~~~~~~~~~~~~~~~~~~~~~~~~~~~~~~~~~~~~~~~~~~~~~~~~~~~~~~~~~~
    File  D:\Automation practice\Robot Training\tests\Iframes.robot:6
    T:  Handling iframes    
    ~~~~~~~~~~~~~~~~~~~~~~~~~~~~~~~~~~~~~~~~~~~~~~~~~~~~~~~~~~~~~~~~~~~~~~~~~~
    File  D:\Automation practice\Robot Training\tests\Iframes.robot:7
      Open Browser    https://www.w3schools.com/js/tryit.asp?filename=tryjs_myfirst    chrome
______________________________________________________________________________
| FAIL |
WebDriverException: Message: target frame detached
  (failed to check if window was closed: disconnected: Unable to receive message from renderer)
  (Session info: chrome=138.0.7204.102)
Stacktrace:
	GetHandleVerifier [0x0x7ff709a2e925+77845]
	GetHandleVerifier [0x0x7ff709a2e980+77936]
	(No symbol) [0x0x7ff7097e9b0c]
	(No symbol) [0x0x7ff7097d727b]
	(No symbol) [0x0x7ff7097d613e]
	(No symbol) [0x0x7ff7097faabe]
	(No symbol) [0x0x7ff7097f9e05]
	(No symbol) [0x0x7ff709890e5c]
	(No symbol) [0x0x7ff7098686a3]
	(No symbol) [0x0x7ff709831791]
	(No symbol) [0x0x7ff709832523]
	GetHandleVerifier [0x0x7ff709d0683d+3059501]
	GetHandleVerifier [0x0x7ff709d00bfd+3035885]
	GetHandleVerifier [0x0x7ff709d203f0+3164896]
	GetHandleVerifier [0x0x7ff709a48c2e+185118]
	GetHandleVerifier [0x0x7ff709a5053f+216111]
	GetHandleVerifier [0x0x7ff709a372d4+113092]
	GetHandleVerifier [0x0x7ff709a37489+113529]
	GetHandleVerifier [0x0x7ff709a1e288+10616]
	BaseThreadInitThunk [0x0x7ffb11d8e8d7+23]
	RtlUserThreadStart [0x0x7ffb13d1c34c+44]
------------------------------------------------------------------------------
Tests.Iframes                                                         | FAIL |
1 test, 0 passed, 1 failed
==============================================================================
Tests                                                                 | FAIL |
1 test, 0 passed, 1 failed
==============================================================================
Output:  D:\Automation practice\Robot Training\results\pabot_results\9\output.xml
