==============================================================================
Suites                                                                        
==============================================================================
Suites.LoginTest                                                              
==============================================================================
Valid Login Test                                                        
  Traceback (most recent call last):
    ~~~~~~~~~~~~~~~~~~~~~~~~~~~~~~~~~~~~~~~~~~~~~~~~~~~~~~~~~~~~~~~~~~~~~~~~~~
    File  C:\Users\DELL\PycharmProjects\Robot Training\tests\LoginTest.robot:11
    T:  Valid Login Test    
    ~~~~~~~~~~~~~~~~~~~~~~~~~~~~~~~~~~~~~~~~~~~~~~~~~~~~~~~~~~~~~~~~~~~~~~~~~~
    File  C:\Users\DELL\PycharmProjects\Robot Training\tests\LoginTest.robot:12
      Login    Admin    admin123    Dashboard
    ~~~~~~~~~~~~~~~~~~~~~~~~~~~~~~~~~~~~~~~~~~~~~~~~~~~~~~~~~~~~~~~~~~~~~~~~~~
    File  C:\Users\DELL\PycharmProjects\Robot Training\Resource\Keywords\LoginPageKw.robot:32
      Page Should Contain text    ${message}
      |  ${message} = Dashboard (str)
    ~~~~~~~~~~~~~~~~~~~~~~~~~~~~~~~~~~~~~~~~~~~~~~~~~~~~~~~~~~~~~~~~~~~~~~~~~~
    File  C:\Users\DELL\PycharmProjects\Robot Training\Resource\Keywords\LoginPageKw.robot:25
      Page Should Contain    ${message}
      |  ${message} = Dashboard (str)
______________________________________________________________________________
| FAIL |
Page should have contained text 'Dashboard' but did not.
------------------------------------------------------------------------------
Invalid Login Test                                                    | PASS |
------------------------------------------------------------------------------
Suites.LoginTest                                                      | FAIL |
2 tests, 1 passed, 1 failed
==============================================================================
Suites                                                                | FAIL |
2 tests, 1 passed, 1 failed
==============================================================================
Output:  C:\Users\DELL\PycharmProjects\Robot Training\reports\pabot_results\6\output.xml
