==============================================================================
Tests                                                                         
==============================================================================
Tests.RestApi                                                                 
==============================================================================
Tests.RestApi.DELETE Request                                                  
==============================================================================
Delete Post                                                           Response : <Response [200]>
Status Code : 200
Response Body: {}
| PASS |
------------------------------------------------------------------------------
Tests.RestApi.DELETE Request                                          | PASS |
1 test, 1 passed, 0 failed
==============================================================================
Tests.RestApi                                                         | PASS |
1 test, 1 passed, 0 failed
==============================================================================
Tests                                                                 | PASS |
1 test, 1 passed, 0 failed
==============================================================================
Output:  D:\Automation practice\Robot Training\results\pabot_results\12\output.xml
