==============================================================================
Suites                                                                        
==============================================================================
Suites.DataFromExcel                                                          
==============================================================================
Login Test Using Excel Data Admin and admin123                          
  Traceback (most recent call last):
    ~~~~~~~~~~~~~~~~~~~~~~~~~~~~~~~~~~~~~~~~~~~~~~~~~~~~~~~~~~~~~~~~~~~~~~~~~~
    File  C:\Users\DELL\PycharmProjects\Robot Training\tests\DataFromExcel.robot:21
    T:  Login Test Using Excel Data Admin and admin123    
    ~~~~~~~~~~~~~~~~~~~~~~~~~~~~~~~~~~~~~~~~~~~~~~~~~~~~~~~~~~~~~~~~~~~~~~~~~~
    File  C:\Users\DELL\PycharmProjects\Robot Training\tests\DataFromExcel.robot:14
      Test Data    userName=Admin    Password=admin123    Message=Dashboard
    ~~~~~~~~~~~~~~~~~~~~~~~~~~~~~~~~~~~~~~~~~~~~~~~~~~~~~~~~~~~~~~~~~~~~~~~~~~
    File  C:\Users\DELL\PycharmProjects\Robot Training\tests\DataFromExcel.robot:16
      Login    ${userName}    ${Password}    ${Message}
      |  ${userName} = <Unable to define variable value>
      |  ${Password} = <Unable to define variable value>
      |  ${Message} = Dashboard (str)
    ~~~~~~~~~~~~~~~~~~~~~~~~~~~~~~~~~~~~~~~~~~~~~~~~~~~~~~~~~~~~~~~~~~~~~~~~~~
    File  C:\Users\DELL\PycharmProjects\Robot Training\Resource\Keywords\LoginPageKw.robot:32
      Page Should Contain text    ${message}
      |  ${message} = Dashboard (str)
    ~~~~~~~~~~~~~~~~~~~~~~~~~~~~~~~~~~~~~~~~~~~~~~~~~~~~~~~~~~~~~~~~~~~~~~~~~~
    File  C:\Users\DELL\PycharmProjects\Robot Training\Resource\Keywords\LoginPageKw.robot:25
      Page Should Contain    ${message}
      |  ${message} = Dashboard (str)
______________________________________________________________________________
| FAIL |
Page should have contained text 'Dashboard' but did not.
------------------------------------------------------------------------------
Login Test Using Excel Data AdminUser and admin123                    | PASS |
------------------------------------------------------------------------------
Login Test Using Excel Data Admin123 and Admin123                     | PASS |
------------------------------------------------------------------------------
Suites.DataFromExcel                                                  | FAIL |
3 tests, 2 passed, 1 failed
==============================================================================
Suites                                                                | FAIL |
3 tests, 2 passed, 1 failed
==============================================================================
Output:  C:\Users\DELL\PycharmProjects\Robot Training\reports\pabot_results\1\output.xml
