==============================================================================
Tests                                                                         
==============================================================================
Tests.ForLoop                                                                 
==============================================================================
For_Loop                                                              1
2
3
4
5
6
7
8
9
| PASS |
------------------------------------------------------------------------------
For_Loop for List                                                     1 2 3 4 5 6 7 8 9
| PASS |
------------------------------------------------------------------------------
For_loop with Strings                                                 mahi
mahesh
mahendra
| PASS |
------------------------------------------------------------------------------
For_Loop with Condition                                               1
2
3
4
5
6
7
| PASS |
------------------------------------------------------------------------------
For_Loop With Dictonaries                                             ['age', 'mob_no', 'name']
['23', '9100', 'mahi']
age
23
age=23
mob_no
9100
mob_no=9100
name
mahi
name=mahi
| PASS |
------------------------------------------------------------------------------
Tests.ForLoop                                                         | PASS |
5 tests, 5 passed, 0 failed
==============================================================================
Tests                                                                 | PASS |
5 tests, 5 passed, 0 failed
==============================================================================
Output:  D:\Automation practice\Robot Training\results\pabot_results\pabot_results\7\output.xml
