==============================================================================
Tests                                                                         
==============================================================================
Tests.RestApi                                                                 
==============================================================================
Tests.RestApi.POST Request                                                    
==============================================================================
Create New Post                                                       Response :<Response [201]>
Status Code :201
{
  "userId": "5",
  "id": 101,
  "title": "Checking Post Requests",
  "body": "This is for Checking the functionality of the Post method"
}
{'userId': '5', 'id': 101, 'title': 'Checking Post Requests', 'body': 'This is for Checking the functionality of the Post method'}
Title is Checking Post Requests
id: 101
| PASS |
------------------------------------------------------------------------------
Tests.RestApi.POST Request                                            | PASS |
1 test, 1 passed, 0 failed
==============================================================================
Tests.RestApi                                                         | PASS |
1 test, 1 passed, 0 failed
==============================================================================
Tests                                                                 | PASS |
1 test, 1 passed, 0 failed
==============================================================================
Output:  D:\Automation practice\Robot Training\results\pabot_results\15\output.xml
